I, [2019-05-28T11:04:17.286456 #23293]  INFO -- : Refreshing Gem list
I, [2019-05-28T11:04:32.541070 #23293]  INFO -- : listening on addr=0.0.0.0:8080 fd=23
I, [2019-05-28T11:04:34.725990 #23293]  INFO -- : master process ready
I, [2019-05-28T11:04:34.730969 #23316]  INFO -- : worker=0 ready
I, [2019-05-28T11:04:34.732687 #23317]  INFO -- : worker=1 ready
D, [2019-05-28T12:39:41.376719 #23293] DEBUG -- : waiting 31.0s after suspend/hibernation
I, [2019-05-28T13:08:00.749159 #25359]  INFO -- : Refreshing Gem list
I, [2019-05-28T13:08:20.692391 #25359]  INFO -- : listening on addr=0.0.0.0:3006 fd=11
E, [2019-05-28T13:08:20.750791 #25359] ERROR -- : Access denied for user 'ly'@'localhost' (using password: YES) (Mysql2::Error::ConnectionError)
/Users/admin/.rvm/gems/ruby-2.3.3/gems/mysql2-0.5.2/lib/mysql2/client.rb:90:in `connect'
/Users/admin/.rvm/gems/ruby-2.3.3/gems/mysql2-0.5.2/lib/mysql2/client.rb:90:in `initialize'
/Users/admin/.rvm/gems/ruby-2.3.3/gems/activerecord-5.2.2.1/lib/active_record/connection_adapters/mysql2_adapter.rb:22:in `new'
/Users/admin/.rvm/gems/ruby-2.3.3/gems/activerecord-5.2.2.1/lib/active_record/connection_adapters/mysql2_adapter.rb:22:in `mysql2_connection'
/Users/admin/.rvm/gems/ruby-2.3.3/gems/activerecord-5.2.2.1/lib/active_record/connection_adapters/abstract/connection_pool.rb:811:in `new_connection'
/Users/admin/.rvm/gems/ruby-2.3.3/gems/activerecord-5.2.2.1/lib/active_record/connection_adapters/abstract/connection_pool.rb:855:in `checkout_new_connection'
/Users/admin/.rvm/gems/ruby-2.3.3/gems/activerecord-5.2.2.1/lib/active_record/connection_adapters/abstract/connection_pool.rb:834:in `try_to_checkout_new_connection'
/Users/admin/.rvm/gems/ruby-2.3.3/gems/activerecord-5.2.2.1/lib/active_record/connection_adapters/abstract/connection_pool.rb:795:in `acquire_connection'
/Users/admin/.rvm/gems/ruby-2.3.3/gems/activerecord-5.2.2.1/lib/active_record/connection_adapters/abstract/connection_pool.rb:523:in `checkout'
/Users/admin/.rvm/gems/ruby-2.3.3/gems/activerecord-5.2.2.1/lib/active_record/connection_adapters/abstract/connection_pool.rb:382:in `connection'
/Users/admin/.rvm/gems/ruby-2.3.3/gems/activerecord-5.2.2.1/lib/active_record/connection_adapters/abstract/connection_pool.rb:1010:in `retrieve_connection'
/Users/admin/.rvm/gems/ruby-2.3.3/gems/activerecord-5.2.2.1/lib/active_record/connection_handling.rb:118:in `retrieve_connection'
/Users/admin/.rvm/gems/ruby-2.3.3/gems/activerecord-5.2.2.1/lib/active_record/connection_handling.rb:90:in `connection'
config/unicorn.rb:40:in `block in reload'
/Users/admin/.rvm/gems/ruby-2.3.3/gems/unicorn-5.5.1/lib/unicorn/http_server.rb:542:in `spawn_missing_workers'
/Users/admin/.rvm/gems/ruby-2.3.3/gems/unicorn-5.5.1/lib/unicorn/http_server.rb:144:in `start'
/Users/admin/.rvm/gems/ruby-2.3.3/gems/unicorn-5.5.1/bin/unicorn_rails:209:in `<top (required)>'
/Users/admin/.rvm/gems/ruby-2.3.3/bin/unicorn_rails:23:in `load'
/Users/admin/.rvm/gems/ruby-2.3.3/bin/unicorn_rails:23:in `<main>'
/Users/admin/.rvm/gems/ruby-2.3.3/bin/ruby_executable_hooks:24:in `eval'
/Users/admin/.rvm/gems/ruby-2.3.3/bin/ruby_executable_hooks:24:in `<main>'
I, [2019-05-28T13:09:47.103835 #25414]  INFO -- : Refreshing Gem list
I, [2019-05-28T13:09:48.224046 #25414]  INFO -- : listening on addr=0.0.0.0:3006 fd=11
I, [2019-05-28T13:09:48.250190 #25414]  INFO -- : master process ready
I, [2019-05-28T13:09:48.253928 #25416]  INFO -- : worker=0 ready
I, [2019-05-28T13:09:48.256204 #25417]  INFO -- : worker=1 ready
D, [2019-05-28T13:29:36.803426 #25414] DEBUG -- : waiting 31.0s after suspend/hibernation
D, [2019-05-28T16:17:25.413681 #25414] DEBUG -- : waiting 31.0s after suspend/hibernation
D, [2019-05-28T16:20:49.669325 #25414] DEBUG -- : waiting 31.0s after suspend/hibernation
D, [2019-05-28T19:31:26.286173 #25414] DEBUG -- : waiting 31.0s after suspend/hibernation
D, [2019-05-28T23:07:21.504120 #25414] DEBUG -- : waiting 31.0s after suspend/hibernation
D, [2019-05-29T00:56:06.743923 #25414] DEBUG -- : waiting 31.0s after suspend/hibernation
D, [2019-05-29T02:43:53.218619 #25414] DEBUG -- : waiting 31.0s after suspend/hibernation
D, [2019-05-29T04:32:34.579851 #25414] DEBUG -- : waiting 31.0s after suspend/hibernation
D, [2019-05-29T06:20:17.859930 #25414] DEBUG -- : waiting 31.0s after suspend/hibernation
D, [2019-05-29T07:36:57.325181 #25414] DEBUG -- : waiting 31.0s after suspend/hibernation
D, [2019-05-29T09:02:35.294043 #25414] DEBUG -- : waiting 31.0s after suspend/hibernation
D, [2019-05-29T12:55:41.805556 #25414] DEBUG -- : waiting 31.0s after suspend/hibernation
D, [2019-05-29T13:34:58.198981 #25414] DEBUG -- : waiting 31.0s after suspend/hibernation
D, [2019-05-29T16:15:32.025258 #25414] DEBUG -- : waiting 31.0s after suspend/hibernation
D, [2019-05-29T19:47:29.137799 #25414] DEBUG -- : waiting 31.0s after suspend/hibernation
D, [2019-05-29T23:23:23.115019 #25414] DEBUG -- : waiting 31.0s after suspend/hibernation
D, [2019-05-30T01:12:05.588212 #25414] DEBUG -- : waiting 31.0s after suspend/hibernation
D, [2019-05-30T02:59:48.606013 #25414] DEBUG -- : waiting 31.0s after suspend/hibernation
D, [2019-05-30T04:48:31.036327 #25414] DEBUG -- : waiting 31.0s after suspend/hibernation
D, [2019-05-30T06:36:14.366548 #25414] DEBUG -- : waiting 31.0s after suspend/hibernation
D, [2019-05-30T07:57:42.864647 #25414] DEBUG -- : waiting 31.0s after suspend/hibernation
D, [2019-05-30T09:45:28.435685 #25414] DEBUG -- : waiting 31.0s after suspend/hibernation
D, [2019-05-30T11:33:11.529323 #25414] DEBUG -- : waiting 31.0s after suspend/hibernation
D, [2019-05-30T12:49:31.567784 #25414] DEBUG -- : waiting 31.0s after suspend/hibernation
D, [2019-05-30T14:37:14.675779 #25414] DEBUG -- : waiting 31.0s after suspend/hibernation
D, [2019-05-30T16:25:55.727328 #25414] DEBUG -- : waiting 31.0s after suspend/hibernation
D, [2019-05-30T18:13:38.417616 #25414] DEBUG -- : waiting 31.0s after suspend/hibernation
D, [2019-05-30T20:02:19.210071 #25414] DEBUG -- : waiting 31.0s after suspend/hibernation
D, [2019-05-30T21:50:02.677488 #25414] DEBUG -- : waiting 31.0s after suspend/hibernation
D, [2019-05-31T01:25:56.436542 #25414] DEBUG -- : waiting 31.0s after suspend/hibernation
D, [2019-05-31T03:14:38.673587 #25414] DEBUG -- : waiting 31.0s after suspend/hibernation
D, [2019-05-31T05:02:22.101593 #25414] DEBUG -- : waiting 31.0s after suspend/hibernation
D, [2019-05-31T06:51:03.614833 #25414] DEBUG -- : waiting 31.0s after suspend/hibernation
D, [2019-05-31T08:38:47.088502 #25414] DEBUG -- : waiting 31.0s after suspend/hibernation
D, [2019-05-31T09:19:53.537376 #25414] DEBUG -- : waiting 31.0s after suspend/hibernation
D, [2019-05-31T10:58:50.747137 #25414] DEBUG -- : waiting 31.0s after suspend/hibernation
D, [2019-05-31T12:20:12.846689 #25414] DEBUG -- : waiting 31.0s after suspend/hibernation
D, [2019-05-31T12:22:49.354136 #25414] DEBUG -- : waiting 31.0s after suspend/hibernation
D, [2019-05-31T12:49:32.792692 #25414] DEBUG -- : waiting 31.0s after suspend/hibernation
D, [2019-05-31T12:52:49.180321 #25414] DEBUG -- : waiting 31.0s after suspend/hibernation
D, [2019-05-31T13:19:32.615572 #25414] DEBUG -- : waiting 31.0s after suspend/hibernation
D, [2019-05-31T13:22:33.087885 #25414] DEBUG -- : waiting 31.0s after suspend/hibernation
D, [2019-05-31T13:34:02.529660 #25414] DEBUG -- : waiting 31.0s after suspend/hibernation
D, [2019-05-31T19:32:44.111099 #25414] DEBUG -- : waiting 31.0s after suspend/hibernation
I, [2019-05-31T20:47:43.862969 #25414]  INFO -- : reaped #<Process::Status: pid 25417 exit 0> worker=1
I, [2019-05-31T20:47:43.878200 #25414]  INFO -- : reaped #<Process::Status: pid 25416 exit 0> worker=0
I, [2019-05-31T20:47:44.141991 #25414]  INFO -- : master complete
